warning ../../../../../package.json: No license field
gyp info it worked if it ends with ok
gyp info using node-gyp@8.2.0
gyp info using node@17.0.1 | darwin | arm64
gyp info find Python using Python version 3.9.7 found at "/opt/homebrew/opt/python@3.9/bin/python3.9"
gyp info spawn /opt/homebrew/opt/python@3.9/bin/python3.9
gyp info spawn args [
gyp info spawn args   '/opt/homebrew/Cellar/node/17.0.1/libexec/lib/node_modules/npm/node_modules/node-gyp/gyp/gyp_main.py',
gyp info spawn args   'binding.gyp',
gyp info spawn args   '-f',
gyp info spawn args   'make',
gyp info spawn args   '-I',
gyp info spawn args   '/Users/prashant/subgraph/0x10_uniswapv2/v2-subgraph/node_modules/ursa-optional/build/config.gypi',
gyp info spawn args   '-I',
gyp info spawn args   '/opt/homebrew/Cellar/node/17.0.1/libexec/lib/node_modules/npm/node_modules/node-gyp/addon.gypi',
gyp info spawn args   '-I',
gyp info spawn args   '/Users/prashant/Library/Caches/node-gyp/17.0.1/include/node/common.gypi',
gyp info spawn args   '-Dlibrary=shared_library',
gyp info spawn args   '-Dvisibility=default',
gyp info spawn args   '-Dnode_root_dir=/Users/prashant/Library/Caches/node-gyp/17.0.1',
gyp info spawn args   '-Dnode_gyp_dir=/opt/homebrew/Cellar/node/17.0.1/libexec/lib/node_modules/npm/node_modules/node-gyp',
gyp info spawn args   '-Dnode_lib_file=/Users/prashant/Library/Caches/node-gyp/17.0.1/<(target_arch)/node.lib',
gyp info spawn args   '-Dmodule_root_dir=/Users/prashant/subgraph/0x10_uniswapv2/v2-subgraph/node_modules/ursa-optional',
gyp info spawn args   '-Dnode_engine=v8',
gyp info spawn args   '--depth=.',
gyp info spawn args   '--no-parallel',
gyp info spawn args   '--generator-output',
gyp info spawn args   'build',
gyp info spawn args   '-Goutput_dir=.'
gyp info spawn args ]
gyp info spawn make
gyp info spawn args [ 'BUILDTYPE=Release', '-C', 'build' ]
In file included from ../src/ursaNative.cc:3:
In file included from ../src/ursaNative.h:10:
In file included from ../../nan/nan.h:2884:
../../nan/nan_typedarray_contents.h:34:43: error: no member named 'GetContents' in 'v8::ArrayBuffer'
      data   = static_cast<char*>(buffer->GetContents().Data()) + byte_offset;
                                  ~~~~~~~~^
In file included from ../src/ursaNative.cc:3:
In file included from ../src/ursaNative.h:13:
In file included from /Users/prashant/Library/Caches/node-gyp/17.0.1/include/node/openssl/rsa.h:14:
/Users/prashant/Library/Caches/node-gyp/17.0.1/include/node/openssl/macros.h:155:4: error: "OPENSSL_API_COMPAT expresses an impossible API compatibility level"
#  error "OPENSSL_API_COMPAT expresses an impossible API compatibility level"
   ^
../src/ursaNative.cc:543:32: error: too few arguments to function call, single argument 'isolate' was not specified
  int length = str->Utf8Length();
               ~~~~~~~~~~~~~~~ ^
/Users/prashant/Library/Caches/node-gyp/17.0.1/include/node/v8-primitive.h:132:7: note: 'Utf8Length' declared here
  int Utf8Length(Isolate* isolate) const;
      ^
../src/ursaNative.cc:553:18: error: cannot initialize a parameter of type 'v8::Isolate *' with an lvalue of type 'char *'
  str->WriteUtf8(result, length + 1);
                 ^~~~~~
/Users/prashant/Library/Caches/node-gyp/17.0.1/include/node/v8-primitive.h:192:26: note: passing argument to parameter 'isolate' here
  int WriteUtf8(Isolate* isolate, char* buffer, int length = -1,
                         ^
../src/ursaNative.cc:690:68: error: too few arguments to function call, single argument 'context' was not specified
  target->Set(NanNew("RsaWrap").ToLocalChecked(), tpl->GetFunction());
                                                  ~~~~~~~~~~~~~~~~ ^
/Users/prashant/Library/Caches/node-gyp/17.0.1/include/node/v8-template.h:498:46: note: 'GetFunction' declared here
  V8_WARN_UNUSED_RESULT MaybeLocal<Function> GetFunction(
                                             ^
../src/ursaNative.cc:691:38: error: too few arguments to function call, single argument 'context' was not specified
  constructor.Reset(tpl->GetFunction());
                    ~~~~~~~~~~~~~~~~ ^
/Users/prashant/Library/Caches/node-gyp/17.0.1/include/node/v8-template.h:498:46: note: 'GetFunction' declared here
  V8_WARN_UNUSED_RESULT MaybeLocal<Function> GetFunction(
                                             ^
../src/ursaNative.cc:693:104: error: too few arguments to function call, single argument 'context' was not specified
  target->Set(NanNew("textToNid").ToLocalChecked(), Nan::New<FunctionTemplate>(TextToNid)->GetFunction());
                                                    ~~~~~~~~~~~~~~~~~~~~~~~~~~~~~~~~~~~~~~~~~~~~~~~~~~ ^
/Users/prashant/Library/Caches/node-gyp/17.0.1/include/node/v8-template.h:498:46: note: 'GetFunction' declared here
  V8_WARN_UNUSED_RESULT MaybeLocal<Function> GetFunction(
                                             ^
../src/ursaNative.cc:866:42: error: too few arguments to function call, single argument 'context' was not specified
  int modulusBits = args[0]->Uint32Value();
                    ~~~~~~~~~~~~~~~~~~~~ ^
/Users/prashant/Library/Caches/node-gyp/17.0.1/include/node/v8-value.h:416:41: note: 'Uint32Value' declared here
  V8_WARN_UNUSED_RESULT Maybe<uint32_t> Uint32Value(
                                        ^
../src/ursaNative.cc:867:39: error: too few arguments to function call, single argument 'context' was not specified
  int exponent = args[1]->Uint32Value();
                 ~~~~~~~~~~~~~~~~~~~~ ^
/Users/prashant/Library/Caches/node-gyp/17.0.1/include/node/v8-value.h:416:41: note: 'Uint32Value' declared here
  V8_WARN_UNUSED_RESULT Maybe<uint32_t> Uint32Value(
                                        ^
../src/ursaNative.cc:1103:38: error: too few arguments to function call, single argument 'context' was not specified
  int padding = args[1]->Uint32Value();
                ~~~~~~~~~~~~~~~~~~~~ ^
/Users/prashant/Library/Caches/node-gyp/17.0.1/include/node/v8-value.h:416:41: note: 'Uint32Value' declared here
  V8_WARN_UNUSED_RESULT Maybe<uint32_t> Uint32Value(
                                        ^
../src/ursaNative.cc:1161:38: error: too few arguments to function call, single argument 'context' was not specified
  int padding = args[1]->Uint32Value();
                ~~~~~~~~~~~~~~~~~~~~ ^
/Users/prashant/Library/Caches/node-gyp/17.0.1/include/node/v8-value.h:416:41: note: 'Uint32Value' declared here
  V8_WARN_UNUSED_RESULT Maybe<uint32_t> Uint32Value(
                                        ^
../src/ursaNative.cc:1218:38: error: too few arguments to function call, single argument 'context' was not specified
  int padding = args[1]->Uint32Value();
                ~~~~~~~~~~~~~~~~~~~~ ^
/Users/prashant/Library/Caches/node-gyp/17.0.1/include/node/v8-value.h:416:41: note: 'Uint32Value' declared here
  V8_WARN_UNUSED_RESULT Maybe<uint32_t> Uint32Value(
                                        ^
../src/ursaNative.cc:1272:38: error: too few arguments to function call, single argument 'context' was not specified
  int padding = args[1]->Uint32Value();
                ~~~~~~~~~~~~~~~~~~~~ ^
/Users/prashant/Library/Caches/node-gyp/17.0.1/include/node/v8-value.h:416:41: note: 'Uint32Value' declared here
  V8_WARN_UNUSED_RESULT Maybe<uint32_t> Uint32Value(
                                        ^
../src/ursaNative.cc:1411:34: error: too few arguments to function call, single argument 'context' was not specified
  int nid = args[0]->Uint32Value();
            ~~~~~~~~~~~~~~~~~~~~ ^
/Users/prashant/Library/Caches/node-gyp/17.0.1/include/node/v8-value.h:416:41: note: 'Uint32Value' declared here
  V8_WARN_UNUSED_RESULT Maybe<uint32_t> Uint32Value(
                                        ^
../src/ursaNative.cc:1477:34: error: too few arguments to function call, single argument 'context' was not specified
  int nid = args[0]->Uint32Value();
            ~~~~~~~~~~~~~~~~~~~~ ^
/Users/prashant/Library/Caches/node-gyp/17.0.1/include/node/v8-value.h:416:41: note: 'Uint32Value' declared here
  V8_WARN_UNUSED_RESULT Maybe<uint32_t> Uint32Value(
                                        ^
../src/ursaNative.cc:1554:34: error: too few arguments to function call, single argument 'context' was not specified
  int nid = args[0]->Uint32Value();
            ~~~~~~~~~~~~~~~~~~~~ ^
/Users/prashant/Library/Caches/node-gyp/17.0.1/include/node/v8-value.h:416:41: note: 'Uint32Value' declared here
  V8_WARN_UNUSED_RESULT Maybe<uint32_t> Uint32Value(
                                        ^
../src/ursaNative.cc:1584:35: error: too few arguments to function call, single argument 'context' was not specified
  int sLen = args[2]->Uint32Value();
             ~~~~~~~~~~~~~~~~~~~~ ^
/Users/prashant/Library/Caches/node-gyp/17.0.1/include/node/v8-value.h:416:41: note: 'Uint32Value' declared here
  V8_WARN_UNUSED_RESULT Maybe<uint32_t> Uint32Value(
                                        ^
../src/ursaNative.cc:1627:34: error: too few arguments to function call, single argument 'context' was not specified
  int nid = args[0]->Uint32Value();
            ~~~~~~~~~~~~~~~~~~~~ ^
/Users/prashant/Library/Caches/node-gyp/17.0.1/include/node/v8-value.h:416:41: note: 'Uint32Value' declared here
  V8_WARN_UNUSED_RESULT Maybe<uint32_t> Uint32Value(
                                        ^
../src/ursaNative.cc:1674:35: error: too few arguments to function call, single argument 'context' was not specified
  int sLen = args[3]->Uint32Value();
             ~~~~~~~~~~~~~~~~~~~~ ^
/Users/prashant/Library/Caches/node-gyp/17.0.1/include/node/v8-value.h:416:41: note: 'Uint32Value' declared here
  V8_WARN_UNUSED_RESULT Maybe<uint32_t> Uint32Value(
                                        ^
19 errors generated.
make: *** [Release/obj.target/ursaNative/src/ursaNative.o] Error 1
gyp ERR! build error 
gyp ERR! stack Error: `make` failed with exit code: 2
gyp ERR! stack     at ChildProcess.onExit (/opt/homebrew/Cellar/node/17.0.1/libexec/lib/node_modules/npm/node_modules/node-gyp/lib/build.js:194:23)
gyp ERR! stack     at ChildProcess.emit (node:events:390:28)
gyp ERR! stack     at Process.ChildProcess._handle.onexit (node:internal/child_process:290:12)
gyp ERR! System Darwin 20.3.0
gyp ERR! command "/opt/homebrew/Cellar/node/17.0.1/bin/node" "/opt/homebrew/Cellar/node/17.0.1/libexec/lib/node_modules/npm/node_modules/node-gyp/bin/node-gyp.js" "rebuild"
gyp ERR! cwd /Users/prashant/subgraph/0x10_uniswapv2/v2-subgraph/node_modules/ursa-optional
gyp ERR! node -v v17.0.1
gyp ERR! node-gyp -v v8.2.0
gyp ERR! not ok 
error Command failed with exit code 1.
